<?xml version="1.0" encoding="UTF-8"?>
<!-- Generated by org.testng.reporters.JUnitXMLReporter -->
<testsuite hostname="ranand-t460" ignored="0" name="Default test" tests="1" failures="1" timestamp="15 Jun 2020 04:39:14 GMT" time="16.967" errors="0">
  <testcase name="AppTest" time="16.907" classname="naukri.com.AppTestTest">
    <failure type="java.lang.StackOverflowError">
      <![CDATA[java.lang.StackOverflowError
	at java.io.InputStream.<init>(Unknown Source)
	at java.io.FileInputStream.<init>(Unknown Source)
	at java.io.FileInputStream.<init>(Unknown Source)
	at naukri.com.Properties.readProperty(Properties.java:18)
	at naukri.com.Properties.readProperty(Properties.java:24)
	at naukri.com.Properties.readProperty(Properties.java:24)
	at naukri.com.Properties.readProperty(Properties.java:24)
	at naukri.com.Properties.readProperty(Properties.java:24)
	at naukri.com.Properties.readProperty(Properties.java:24)
	at naukri.com.Properties.readProperty(Properties.java:24)
	at naukri.com.Properties.readProperty(Properties.java:24)
	at naukri.com.Properties.readProperty(Properties.java:24)
	at naukri.com.Properties.readProperty(Properties.java:24)
	at naukri.com.Properties.readProperty(Properties.java:24)
	at naukri.com.Properties.readProperty(Properties.java:24)
	at naukri.com.Properties.readProperty(Properties.java:24)
	at naukri.com.Properties.readProperty(Properties.java:24)
	at naukri.com.Properties.readProperty(Properties.java:24)
	at naukri.com.Properties.readProperty(Properties.java:24)
	at naukri.com.Properties.readProperty(Properties.java:24)
	at naukri.com.Properties.readProperty(Properties.java:24)
	at naukri.com.Properties.readProperty(Properties.java:24)
	at naukri.com.Properties.readProperty(Properties.java:24)
	at naukri.com.Properties.readProperty(Properties.java:24)
	at naukri.com.Properties.readProperty(Properties.java:24)
	at naukri.com.Properties.readProperty(Properties.java:24)
	at naukri.com.Properties.readProperty(Properties.java:24)
	at naukri.com.Properties.readProperty(Properties.java:24)
	at naukri.com.Properties.readProperty(Properties.java:24)
	at naukri.com.Properties.readProperty(Properties.java:24)
	at naukri.com.Properties.readProperty(Properties.java:24)
	at naukri.com.Properties.readProperty(Properties.java:24)
	at naukri.com.Properties.readProperty(Properties.java:24)
	at naukri.com.Properties.readProperty(Properties.java:24)
	at naukri.com.Properties.readProperty(Properties.java:24)
	at naukri.com.Properties.readProperty(Properties.java:24)
	at naukri.com.Properties.readProperty(Properties.java:24)
	at naukri.com.Properties.readProperty(Properties.java:24)
	at naukri.com.Properties.readProperty(Properties.java:24)
	at naukri.com.Properties.readProperty(Properties.java:24)
	at naukri.com.Properties.readProperty(Properties.java:24)
	at naukri.com.Properties.readProperty(Properties.java:24)
	at naukri.com.Properties.readProperty(Properties.java:24)
	at naukri.com.Properties.readProperty(Properties.java:24)
	at naukri.com.Properties.readProperty(Properties.java:24)
	at naukri.com.Properties.readProperty(Properties.java:24)
	at naukri.com.Properties.readProperty(Properties.java:24)
	at naukri.com.Properties.readProperty(Properties.java:24)
	at naukri.com.Properties.readProperty(Properties.java:24)
	at naukri.com.Properties.readProperty(Properties.java:24)
	at naukri.com.Properties.readProperty(Properties.java:24)
	at naukri.com.Properties.readProperty(Properties.java:24)
	at naukri.com.Properties.readProperty(Properties.java:24)
	at naukri.com.Properties.readProperty(Properties.java:24)
	at naukri.com.Properties.readProperty(Properties.java:24)
	at naukri.com.Properties.readProperty(Properties.java:24)
	at naukri.com.Properties.readProperty(Properties.java:24)
	at naukri.com.Properties.readProperty(Properties.java:24)
	at naukri.com.Properties.readProperty(Properties.java:24)
	at naukri.com.Properties.readProperty(Properties.java:24)
	at naukri.com.Properties.readProperty(Properties.java:24)
	at naukri.com.Properties.readProperty(Properties.java:24)
	at naukri.com.Properties.readProperty(Properties.java:24)
	at naukri.com.Properties.readProperty(Properties.java:24)
	at naukri.com.Properties.readProperty(Properties.java:24)
	at naukri.com.Properties.readProperty(Properties.java:24)
	at naukri.com.Properties.readProperty(Properties.java:24)
	at naukri.com.Properties.readProperty(Properties.java:24)
	at naukri.com.Properties.readProperty(Properties.java:24)
	at naukri.com.Properties.readProperty(Properties.java:24)
	at naukri.com.Properties.readProperty(Properties.java:24)
	at naukri.com.Properties.readProperty(Properties.java:24)
	at naukri.com.Properties.readProperty(Properties.java:24)
	at naukri.com.Properties.readProperty(Properties.java:24)
	at naukri.com.Properties.readProperty(Properties.java:24)
	at naukri.com.Properties.readProperty(Properties.java:24)
	at naukri.com.Properties.readProperty(Properties.java:24)
	at naukri.com.Properties.readProperty(Properties.java:24)
	at naukri.com.Properties.readProperty(Properties.java:24)
	at naukri.com.Properties.readProperty(Properties.java:24)
	at naukri.com.Properties.readProperty(Properties.java:24)
	at naukri.com.Properties.readProperty(Properties.java:24)
	at naukri.com.Properties.readProperty(Properties.java:24)
	at naukri.com.Properties.readProperty(Properties.java:24)
	at naukri.com.Properties.readProperty(Properties.java:24)
	at naukri.com.Properties.readProperty(Properties.java:24)
	at naukri.com.Properties.readProperty(Properties.java:24)
	at naukri.com.Properties.readProperty(Properties.java:24)
	at naukri.com.Properties.readProperty(Properties.java:24)
	at naukri.com.Properties.readProperty(Properties.java:24)
	at naukri.com.Properties.readProperty(Properties.java:24)
	at naukri.com.Properties.readProperty(Properties.java:24)
	at naukri.com.Properties.readProperty(Properties.java:24)
	at naukri.com.Properties.readProperty(Properties.java:24)
	at naukri.com.Properties.readProperty(Properties.java:24)
	at naukri.com.Properties.readProperty(Properties.java:24)
	at naukri.com.Properties.readProperty(Properties.java:24)
	at naukri.com.Properties.readProperty(Properties.java:24)
	at naukri.com.Properties.readProperty(Properties.java:24)
	at naukri.com.Properties.readProperty(Properties.java:24)
	at naukri.com.Properties.readProperty(Properties.java:24)
	at naukri.com.Properties.readProperty(Properties.java:24)
	at naukri.com.Properties.readProperty(Properties.java:24)
	at naukri.com.Properties.readProperty(Properties.java:24)
	at naukri.com.Properties.readProperty(Properties.java:24)
	at naukri.com.Properties.readProperty(Properties.java:24)
	at naukri.com.Properties.readProperty(Properties.java:24)
	at naukri.com.Properties.readProperty(Properties.java:24)
	at naukri.com.Properties.readProperty(Properties.java:24)
	at naukri.com.Properties.readProperty(Properties.java:24)
	at naukri.com.Properties.readProperty(Properties.java:24)
	at naukri.com.Properties.readProperty(Properties.java:24)
	at naukri.com.Properties.readProperty(Properties.java:24)
	at naukri.com.Properties.readProperty(Properties.java:24)
	at naukri.com.Properties.readProperty(Properties.java:24)
	at naukri.com.Properties.readProperty(Properties.java:24)
	at naukri.com.Properties.readProperty(Properties.java:24)
	at naukri.com.Properties.readProperty(Properties.java:24)
	at naukri.com.Properties.readProperty(Properties.java:24)
	at naukri.com.Properties.readProperty(Properties.java:24)
	at naukri.com.Properties.readProperty(Properties.java:24)
	at naukri.com.Properties.readProperty(Properties.java:24)
	at naukri.com.Properties.readProperty(Properties.java:24)
	at naukri.com.Properties.readProperty(Properties.java:24)
	at naukri.com.Properties.readProperty(Properties.java:24)
	at naukri.com.Properties.readProperty(Properties.java:24)
	at naukri.com.Properties.readProperty(Properties.java:24)
	at naukri.com.Properties.readProperty(Properties.java:24)
	at naukri.com.Properties.readProperty(Properties.java:24)
	at naukri.com.Properties.readProperty(Properties.java:24)
	at naukri.com.Properties.readProperty(Properties.java:24)
	at naukri.com.Properties.readProperty(Properties.java:24)
	at naukri.com.Properties.readProperty(Properties.java:24)
	at naukri.com.Properties.readProperty(Properties.java:24)
	at naukri.com.Properties.readProperty(Properties.java:24)
	at naukri.com.Properties.readProperty(Properties.java:24)
	at naukri.com.Properties.readProperty(Properties.java:24)
	at naukri.com.Properties.readProperty(Properties.java:24)
	at naukri.com.Properties.readProperty(Properties.java:24)
	at naukri.com.Properties.readProperty(Properties.java:24)
	at naukri.com.Properties.readProperty(Properties.java:24)
	at naukri.com.Properties.readProperty(Properties.java:24)
	at naukri.com.Properties.readProperty(Properties.java:24)
	at naukri.com.Properties.readProperty(Properties.java:24)
	at naukri.com.Properties.readProperty(Properties.java:24)
	at naukri.com.Properties.readProperty(Properties.java:24)
	at naukri.com.Properties.readProperty(Properties.java:24)
	at naukri.com.Properties.readProperty(Properties.java:24)
	at naukri.com.Properties.readProperty(Properties.java:24)
	at naukri.com.Properties.readProperty(Properties.java:24)
	at naukri.com.Properties.readProperty(Properties.java:24)
	at naukri.com.Properties.readProperty(Properties.java:24)
	at naukri.com.Properties.readProperty(Properties.java:24)
	at naukri.com.Properties.readProperty(Properties.java:24)
	at naukri.com.Properties.readProperty(Properties.java:24)
	at naukri.com.Properties.readProperty(Properties.java:24)
	at naukri.com.Properties.readProperty(Properties.java:24)
	at naukri.com.Properties.readProperty(Properties.java:24)
	at naukri.com.Properties.readProperty(Properties.java:24)
	at naukri.com.Properties.readProperty(Properties.java:24)
	at naukri.com.Properties.readProperty(Properties.java:24)
	at naukri.com.Properties.readProperty(Properties.java:24)
	at naukri.com.Properties.readProperty(Properties.java:24)
	at naukri.com.Properties.readProperty(Properties.java:24)
	at naukri.com.Properties.readProperty(Properties.java:24)
	at naukri.com.Properties.readProperty(Properties.java:24)
	at naukri.com.Properties.readProperty(Properties.java:24)
	at naukri.com.Properties.readProperty(Properties.java:24)
	at naukri.com.Properties.readProperty(Properties.java:24)
	at naukri.com.Properties.readProperty(Properties.java:24)
	at naukri.com.Properties.readProperty(Properties.java:24)
	at naukri.com.Properties.readProperty(Properties.java:24)
	at naukri.com.Properties.readProperty(Properties.java:24)
	at naukri.com.Properties.readProperty(Properties.java:24)
	at naukri.com.Properties.readProperty(Properties.java:24)
	at naukri.com.Properties.readProperty(Properties.java:24)
	at naukri.com.Properties.readProperty(Properties.java:24)
	at naukri.com.Properties.readProperty(Properties.java:24)
	at naukri.com.Properties.readProperty(Properties.java:24)
	at naukri.com.Properties.readProperty(Properties.java:24)
	at naukri.com.Properties.readProperty(Properties.java:24)
	at naukri.com.Properties.readProperty(Properties.java:24)
	at naukri.com.Properties.readProperty(Properties.java:24)
	at naukri.com.Properties.readProperty(Properties.java:24)
	at naukri.com.Properties.readProperty(Properties.java:24)
	at naukri.com.Properties.readProperty(Properties.java:24)
	at naukri.com.Properties.readProperty(Properties.java:24)
	at naukri.com.Properties.readProperty(Properties.java:24)
	at naukri.com.Properties.readProperty(Properties.java:24)
	at naukri.com.Properties.readProperty(Properties.java:24)
	at naukri.com.Properties.readProperty(Properties.java:24)
	at naukri.com.Properties.readProperty(Properties.java:24)
	at naukri.com.Properties.readProperty(Properties.java:24)
	at naukri.com.Properties.readProperty(Properties.java:24)
	at naukri.com.Properties.readProperty(Properties.java:24)
	at naukri.com.Properties.readProperty(Properties.java:24)
	at naukri.com.Properties.readProperty(Properties.java:24)
	at naukri.com.Properties.readProperty(Properties.java:24)
	at naukri.com.Properties.readProperty(Properties.java:24)
	at naukri.com.Properties.readProperty(Properties.java:24)
	at naukri.com.Properties.readProperty(Properties.java:24)
	at naukri.com.Properties.readProperty(Properties.java:24)
	at naukri.com.Properties.readProperty(Properties.java:24)
	at naukri.com.Properties.readProperty(Properties.java:24)
	at naukri.com.Properties.readProperty(Properties.java:24)
	at naukri.com.Properties.readProperty(Properties.java:24)
	at naukri.com.Properties.readProperty(Properties.java:24)
	at naukri.com.Properties.readProperty(Properties.java:24)
	at naukri.com.Properties.readProperty(Properties.java:24)
	at naukri.com.Properties.readProperty(Properties.java:24)
	at naukri.com.Properties.readProperty(Properties.java:24)
	at naukri.com.Properties.readProperty(Properties.java:24)
	at naukri.com.Properties.readProperty(Properties.java:24)
	at naukri.com.Properties.readProperty(Properties.java:24)
	at naukri.com.Properties.readProperty(Properties.java:24)
	at naukri.com.Properties.readProperty(Properties.java:24)
	at naukri.com.Properties.readProperty(Properties.java:24)
	at naukri.com.Properties.readProperty(Properties.java:24)
	at naukri.com.Properties.readProperty(Properties.java:24)
	at naukri.com.Properties.readProperty(Properties.java:24)
	at naukri.com.Properties.readProperty(Properties.java:24)
	at naukri.com.Properties.readProperty(Properties.java:24)
	at naukri.com.Properties.readProperty(Properties.java:24)
	at naukri.com.Properties.readProperty(Properties.java:24)
	at naukri.com.Properties.readProperty(Properties.java:24)
	at naukri.com.Properties.readProperty(Properties.java:24)
	at naukri.com.Properties.readProperty(Properties.java:24)
	at naukri.com.Properties.readProperty(Properties.java:24)
	at naukri.com.Properties.readProperty(Properties.java:24)
	at naukri.com.Properties.readProperty(Properties.java:24)
	at naukri.com.Properties.readProperty(Properties.java:24)
	at naukri.com.Properties.readProperty(Properties.java:24)
	at naukri.com.Properties.readProperty(Properties.java:24)
	at naukri.com.Properties.readProperty(Properties.java:24)
	at naukri.com.Properties.readProperty(Properties.java:24)
	at naukri.com.Properties.readProperty(Properties.java:24)
	at naukri.com.Properties.readProperty(Properties.java:24)
	at naukri.com.Properties.readProperty(Properties.java:24)
	at naukri.com.Properties.readProperty(Properties.java:24)
	at naukri.com.Properties.readProperty(Properties.java:24)
	at naukri.com.Properties.readProperty(Properties.java:24)
	at naukri.com.Properties.readProperty(Properties.java:24)
	at naukri.com.Properties.readProperty(Properties.java:24)
	at naukri.com.Properties.readProperty(Properties.java:24)
	at naukri.com.Properties.readProperty(Properties.java:24)
	at naukri.com.Properties.readProperty(Properties.java:24)
	at naukri.com.Properties.readProperty(Properties.java:24)
	at naukri.com.Properties.readProperty(Properties.java:24)
	at naukri.com.Properties.readProperty(Properties.java:24)
	at naukri.com.Properties.readProperty(Properties.java:24)
	at naukri.com.Properties.readProperty(Properties.java:24)
	at naukri.com.Properties.readProperty(Properties.java:24)
	at naukri.com.Properties.readProperty(Properties.java:24)
	at naukri.com.Properties.readProperty(Properties.java:24)
	at naukri.com.Properties.readProperty(Properties.java:24)
	at naukri.com.Properties.readProperty(Properties.java:24)
	at naukri.com.Properties.readProperty(Properties.java:24)
	at naukri.com.Properties.readProperty(Properties.java:24)
	at naukri.com.Properties.readProperty(Properties.java:24)
	at naukri.com.Properties.readProperty(Properties.java:24)
	at naukri.com.Properties.readProperty(Properties.java:24)
	at naukri.com.Properties.readProperty(Properties.java:24)
	at naukri.com.Properties.readProperty(Properties.java:24)
	at naukri.com.Properties.readProperty(Properties.java:24)
	at naukri.com.Properties.readProperty(Properties.java:24)
	at naukri.com.Properties.readProperty(Properties.java:24)
	at naukri.com.Properties.readProperty(Properties.java:24)
	at naukri.com.Properties.readProperty(Properties.java:24)
	at naukri.com.Properties.readProperty(Properties.java:24)
	at naukri.com.Properties.readProperty(Properties.java:24)
	at naukri.com.Properties.readProperty(Properties.java:24)
	at naukri.com.Properties.readProperty(Properties.java:24)
	at naukri.com.Properties.readProperty(Properties.java:24)
	at naukri.com.Properties.readProperty(Properties.java:24)
	at naukri.com.Properties.readProperty(Properties.java:24)
	at naukri.com.Properties.readProperty(Properties.java:24)
	at naukri.com.Properties.readProperty(Properties.java:24)
	at naukri.com.Properties.readProperty(Properties.java:24)
	at naukri.com.Properties.readProperty(Properties.java:24)
	at naukri.com.Properties.readProperty(Properties.java:24)
	at naukri.com.Properties.readProperty(Properties.java:24)
	at naukri.com.Properties.readProperty(Properties.java:24)
	at naukri.com.Properties.readProperty(Properties.java:24)
	at naukri.com.Properties.readProperty(Properties.java:24)
	at naukri.com.Properties.readProperty(Properties.java:24)
	at naukri.com.Properties.readProperty(Properties.java:24)
	at naukri.com.Properties.readProperty(Properties.java:24)
	at naukri.com.Properties.readProperty(Properties.java:24)
	at naukri.com.Properties.readProperty(Properties.java:24)
	at naukri.com.Properties.readProperty(Properties.java:24)
	at naukri.com.Properties.readProperty(Properties.java:24)
	at naukri.com.Properties.readProperty(Properties.java:24)
	at naukri.com.Properties.readProperty(Properties.java:24)
	at naukri.com.Properties.readProperty(Properties.java:24)
	at naukri.com.Properties.readProperty(Properties.java:24)
	at naukri.com.Properties.readProperty(Properties.java:24)
	at naukri.com.Properties.readProperty(Properties.java:24)
	at naukri.com.Properties.readProperty(Properties.java:24)
	at naukri.com.Properties.readProperty(Properties.java:24)
	at naukri.com.Properties.readProperty(Properties.java:24)
	at naukri.com.Properties.readProperty(Properties.java:24)
	at naukri.com.Properties.readProperty(Properties.java:24)
	at naukri.com.Properties.readProperty(Properties.java:24)
	at naukri.com.Properties.readProperty(Properties.java:24)
	at naukri.com.Properties.readProperty(Properties.java:24)
	at naukri.com.Properties.readProperty(Properties.java:24)
	at naukri.com.Properties.readProperty(Properties.java:24)
	at naukri.com.Properties.readProperty(Properties.java:24)
	at naukri.com.Properties.readProperty(Properties.java:24)
	at naukri.com.Properties.readProperty(Properties.java:24)
	at naukri.com.Properties.readProperty(Properties.java:24)
	at naukri.com.Properties.readProperty(Properties.java:24)
	at naukri.com.Properties.readProperty(Properties.java:24)
	at naukri.com.Properties.readProperty(Properties.java:24)
	at naukri.com.Properties.readProperty(Properties.java:24)
	at naukri.com.Properties.readProperty(Properties.java:24)
	at naukri.com.Properties.readProperty(Properties.java:24)
	at naukri.com.Properties.readProperty(Properties.java:24)
	at naukri.com.Properties.readProperty(Properties.java:24)
	at naukri.com.Properties.readProperty(Properties.java:24)
	at naukri.com.Properties.readProperty(Properties.java:24)
	at naukri.com.Properties.readProperty(Properties.java:24)
	at naukri.com.Properties.readProperty(Properties.java:24)
	at naukri.com.Properties.readProperty(Properties.java:24)
	at naukri.com.Properties.readProperty(Properties.java:24)
	at naukri.com.Properties.readProperty(Properties.java:24)
	at naukri.com.Properties.readProperty(Properties.java:24)
	at naukri.com.Properties.readProperty(Properties.java:24)
	at naukri.com.Properties.readProperty(Properties.java:24)
	at naukri.com.Properties.readProperty(Properties.java:24)
	at naukri.com.Properties.readProperty(Properties.java:24)
	at naukri.com.Properties.readProperty(Properties.java:24)
	at naukri.com.Properties.readProperty(Properties.java:24)
	at naukri.com.Properties.readProperty(Properties.java:24)
	at naukri.com.Properties.readProperty(Properties.java:24)
	at naukri.com.Properties.readProperty(Properties.java:24)
	at naukri.com.Properties.readProperty(Properties.java:24)
	at naukri.com.Properties.readProperty(Properties.java:24)
	at naukri.com.Properties.readProperty(Properties.java:24)
	at naukri.com.Properties.readProperty(Properties.java:24)
	at naukri.com.Properties.readProperty(Properties.java:24)
	at naukri.com.Properties.readProperty(Properties.java:24)
	at naukri.com.Properties.readProperty(Properties.java:24)
	at naukri.com.Properties.readProperty(Properties.java:24)
	at naukri.com.Properties.readProperty(Properties.java:24)
	at naukri.com.Properties.readProperty(Properties.java:24)
	at naukri.com.Properties.readProperty(Properties.java:24)
	at naukri.com.Properties.readProperty(Properties.java:24)
	at naukri.com.Properties.readProperty(Properties.java:24)
	at naukri.com.Properties.readProperty(Properties.java:24)
	at naukri.com.Properties.readProperty(Properties.java:24)
	at naukri.com.Properties.readProperty(Properties.java:24)
	at naukri.com.Properties.readProperty(Properties.java:24)
	at naukri.com.Properties.readProperty(Properties.java:24)
	at naukri.com.Properties.readProperty(Properties.java:24)
	at naukri.com.Properties.readProperty(Properties.java:24)
	at naukri.com.Properties.readProperty(Properties.java:24)
	at naukri.com.Properties.readProperty(Properties.java:24)
	at naukri.com.Properties.readProperty(Properties.java:24)
	at naukri.com.Properties.readProperty(Properties.java:24)
	at naukri.com.Properties.readProperty(Properties.java:24)
	at naukri.com.Properties.readProperty(Properties.java:24)
	at naukri.com.Properties.readProperty(Properties.java:24)
	at naukri.com.Properties.readProperty(Properties.java:24)
	at naukri.com.Properties.readProperty(Properties.java:24)
	at naukri.com.Properties.readProperty(Properties.java:24)
	at naukri.com.Properties.readProperty(Properties.java:24)
	at naukri.com.Properties.readProperty(Properties.java:24)
	at naukri.com.Properties.readProperty(Properties.java:24)
	at naukri.com.Properties.readProperty(Properties.java:24)
	at naukri.com.Properties.readProperty(Properties.java:24)
	at naukri.com.Properties.readProperty(Properties.java:24)
	at naukri.com.Properties.readProperty(Properties.java:24)
	at naukri.com.Properties.readProperty(Properties.java:24)
	at naukri.com.Properties.readProperty(Properties.java:24)
	at naukri.com.Properties.readProperty(Properties.java:24)
	at naukri.com.Properties.readProperty(Properties.java:24)
	at naukri.com.Properties.readProperty(Properties.java:24)
	at naukri.com.Properties.readProperty(Properties.java:24)
	at naukri.com.Properties.readProperty(Properties.java:24)
	at naukri.com.Properties.readProperty(Properties.java:24)
	at naukri.com.Properties.readProperty(Properties.java:24)
	at naukri.com.Properties.readProperty(Properties.java:24)
	at naukri.com.Properties.readProperty(Properties.java:24)
	at naukri.com.Properties.readProperty(Properties.java:24)
	at naukri.com.Properties.readProperty(Properties.java:24)
	at naukri.com.Properties.readProperty(Properties.java:24)
	at naukri.com.Properties.readProperty(Properties.java:24)
	at naukri.com.Properties.readProperty(Properties.java:24)
	at naukri.com.Properties.readProperty(Properties.java:24)
	at naukri.com.Properties.readProperty(Properties.java:24)
	at naukri.com.Properties.readProperty(Properties.java:24)
	at naukri.com.Properties.readProperty(Properties.java:24)
	at naukri.com.Properties.readProperty(Properties.java:24)
	at naukri.com.Properties.readProperty(Properties.java:24)
	at naukri.com.Properties.readProperty(Properties.java:24)
	at naukri.com.Properties.readProperty(Properties.java:24)
	at naukri.com.Properties.readProperty(Properties.java:24)
	at naukri.com.Properties.readProperty(Properties.java:24)
	at naukri.com.Properties.readProperty(Properties.java:24)
	at naukri.com.Properties.readProperty(Properties.java:24)
	at naukri.com.Properties.readProperty(Properties.java:24)
	at naukri.com.Properties.readProperty(Properties.java:24)
	at naukri.com.Properties.readProperty(Properties.java:24)
	at naukri.com.Properties.readProperty(Properties.java:24)
	at naukri.com.Properties.readProperty(Properties.java:24)
	at naukri.com.Properties.readProperty(Properties.java:24)
	at naukri.com.Properties.readProperty(Properties.java:24)
	at naukri.com.Properties.readProperty(Properties.java:24)
	at naukri.com.Properties.readProperty(Properties.java:24)
	at naukri.com.Properties.readProperty(Properties.java:24)
	at naukri.com.Properties.readProperty(Properties.java:24)
	at naukri.com.Properties.readProperty(Properties.java:24)
	at naukri.com.Properties.readProperty(Properties.java:24)
	at naukri.com.Properties.readProperty(Properties.java:24)
	at naukri.com.Properties.readProperty(Properties.java:24)
	at naukri.com.Properties.readProperty(Properties.java:24)
	at naukri.com.Properties.readProperty(Properties.java:24)
	at naukri.com.Properties.readProperty(Properties.java:24)
	at naukri.com.Properties.readProperty(Properties.java:24)
	at naukri.com.Properties.readProperty(Properties.java:24)
	at naukri.com.Properties.readProperty(Properties.java:24)
	at naukri.com.Properties.readProperty(Properties.java:24)
	at naukri.com.Properties.readProperty(Properties.java:24)
	at naukri.com.Properties.readProperty(Properties.java:24)
	at naukri.com.Properties.readProperty(Properties.java:24)
	at naukri.com.Properties.readProperty(Properties.java:24)
	at naukri.com.Properties.readProperty(Properties.java:24)
	at naukri.com.Properties.readProperty(Properties.java:24)
	at naukri.com.Properties.readProperty(Properties.java:24)
	at naukri.com.Properties.readProperty(Properties.java:24)
	at naukri.com.Properties.readProperty(Properties.java:24)
	at naukri.com.Properties.readProperty(Properties.java:24)
	at naukri.com.Properties.readProperty(Properties.java:24)
	at naukri.com.Properties.readProperty(Properties.java:24)
	at naukri.com.Properties.readProperty(Properties.java:24)
	at naukri.com.Properties.readProperty(Properties.java:24)
	at naukri.com.Properties.readProperty(Properties.java:24)
	at naukri.com.Properties.readProperty(Properties.java:24)
	at naukri.com.Properties.readProperty(Properties.java:24)
	at naukri.com.Properties.readProperty(Properties.java:24)
	at naukri.com.Properties.readProperty(Properties.java:24)
	at naukri.com.Properties.readProperty(Properties.java:24)
	at naukri.com.Properties.readProperty(Properties.java:24)
	at naukri.com.Properties.readProperty(Properties.java:24)
	at naukri.com.Properties.readProperty(Properties.java:24)
	at naukri.com.Properties.readProperty(Properties.java:24)
	at naukri.com.Properties.readProperty(Properties.java:24)
	at naukri.com.Properties.readProperty(Properties.java:24)
	at naukri.com.Properties.readProperty(Properties.java:24)
	at naukri.com.Properties.readProperty(Properties.java:24)
	at naukri.com.Properties.readProperty(Properties.java:24)
	at naukri.com.Properties.readProperty(Properties.java:24)
	at naukri.com.Properties.readProperty(Properties.java:24)
	at naukri.com.Properties.readProperty(Properties.java:24)
	at naukri.com.Properties.readProperty(Properties.java:24)
	at naukri.com.Properties.readProperty(Properties.java:24)
	at naukri.com.Properties.readProperty(Properties.java:24)
	at naukri.com.Properties.readProperty(Properties.java:24)
	at naukri.com.Properties.readProperty(Properties.java:24)
	at naukri.com.Properties.readProperty(Properties.java:24)
	at naukri.com.Properties.readProperty(Properties.java:24)
	at naukri.com.Properties.readProperty(Properties.java:24)
	at naukri.com.Properties.readProperty(Properties.java:24)
	at naukri.com.Properties.readProperty(Properties.java:24)
	at naukri.com.Properties.readProperty(Properties.java:24)
	at naukri.com.Properties.readProperty(Properties.java:24)
	at naukri.com.Properties.readProperty(Properties.java:24)
	at naukri.com.Properties.readProperty(Properties.java:24)
	at naukri.com.Properties.readProperty(Properties.java:24)
	at naukri.com.Properties.readProperty(Properties.java:24)
	at naukri.com.Properties.readProperty(Properties.java:24)
	at naukri.com.Properties.readProperty(Properties.java:24)
	at naukri.com.Properties.readProperty(Properties.java:24)
	at naukri.com.Properties.readProperty(Properties.java:24)
	at naukri.com.Properties.readProperty(Properties.java:24)
	at naukri.com.Properties.readProperty(Properties.java:24)
	at naukri.com.Properties.readProperty(Properties.java:24)
	at naukri.com.Properties.readProperty(Properties.java:24)
	at naukri.com.Properties.readProperty(Properties.java:24)
	at naukri.com.Properties.readProperty(Properties.java:24)
	at naukri.com.Properties.readProperty(Properties.java:24)
	at naukri.com.Properties.readProperty(Properties.java:24)
	at naukri.com.Properties.readProperty(Properties.java:24)
	at naukri.com.Properties.readProperty(Properties.java:24)
	at naukri.com.Properties.readProperty(Properties.java:24)
	at naukri.com.Properties.readProperty(Properties.java:24)
	at naukri.com.Properties.readProperty(Properties.java:24)
	at naukri.com.Properties.readProperty(Properties.java:24)
	at naukri.com.Properties.readProperty(Properties.java:24)
	at naukri.com.Properties.readProperty(Properties.java:24)
	at naukri.com.Properties.readProperty(Properties.java:24)
	at naukri.com.Properties.readProperty(Properties.java:24)
	at naukri.com.Properties.readProperty(Properties.java:24)
	at naukri.com.Properties.readProperty(Properties.java:24)
	at naukri.com.Properties.readProperty(Properties.java:24)
	at naukri.com.Properties.readProperty(Properties.java:24)
	at naukri.com.Properties.readProperty(Properties.java:24)
	at naukri.com.Properties.readProperty(Properties.java:24)
	at naukri.com.Properties.readProperty(Properties.java:24)
	at naukri.com.Properties.readProperty(Properties.java:24)
	at naukri.com.Properties.readProperty(Properties.java:24)
	at naukri.com.Properties.readProperty(Properties.java:24)
	at naukri.com.Properties.readProperty(Properties.java:24)
	at naukri.com.Properties.readProperty(Properties.java:24)
	at naukri.com.Properties.readProperty(Properties.java:24)
	at naukri.com.Properties.readProperty(Properties.java:24)
	at naukri.com.Properties.readProperty(Properties.java:24)
	at naukri.com.Properties.readProperty(Properties.java:24)
	at naukri.com.Properties.readProperty(Properties.java:24)
	at naukri.com.Properties.readProperty(Properties.java:24)
	at naukri.com.Properties.readProperty(Properties.java:24)
	at naukri.com.Properties.readProperty(Properties.java:24)
	at naukri.com.Properties.readProperty(Properties.java:24)
	at naukri.com.Properties.readProperty(Properties.java:24)
	at naukri.com.Properties.readProperty(Properties.java:24)
	at naukri.com.Properties.readProperty(Properties.java:24)
	at naukri.com.Properties.readProperty(Properties.java:24)
	at naukri.com.Properties.readProperty(Properties.java:24)
	at naukri.com.Properties.readProperty(Properties.java:24)
	at naukri.com.Properties.readProperty(Properties.java:24)
	at naukri.com.Properties.readProperty(Properties.java:24)
	at naukri.com.Properties.readProperty(Properties.java:24)
	at naukri.com.Properties.readProperty(Properties.java:24)
	at naukri.com.Properties.readProperty(Properties.java:24)
	at naukri.com.Properties.readProperty(Properties.java:24)
	at naukri.com.Properties.readProperty(Properties.java:24)
	at naukri.com.Properties.readProperty(Properties.java:24)
	at naukri.com.Properties.readProperty(Properties.java:24)
	at naukri.com.Properties.readProperty(Properties.java:24)
	at naukri.com.Properties.readProperty(Properties.java:24)
	at naukri.com.Properties.readProperty(Properties.java:24)
	at naukri.com.Properties.readProperty(Properties.java:24)
	at naukri.com.Properties.readProperty(Properties.java:24)
	at naukri.com.Properties.readProperty(Properties.java:24)
	at naukri.com.Properties.readProperty(Properties.java:24)
	at naukri.com.Properties.readProperty(Properties.java:24)
	at naukri.com.Properties.readProperty(Properties.java:24)
	at naukri.com.Properties.readProperty(Properties.java:24)
	at naukri.com.Properties.readProperty(Properties.java:24)
	at naukri.com.Properties.readProperty(Properties.java:24)
	at naukri.com.Properties.readProperty(Properties.java:24)
	at naukri.com.Properties.readProperty(Properties.java:24)
	at naukri.com.Properties.readProperty(Properties.java:24)
	at naukri.com.Properties.readProperty(Properties.java:24)
	at naukri.com.Properties.readProperty(Properties.java:24)
	at naukri.com.Properties.readProperty(Properties.java:24)
	at naukri.com.Properties.readProperty(Properties.java:24)
	at naukri.com.Properties.readProperty(Properties.java:24)
	at naukri.com.Properties.readProperty(Properties.java:24)
	at naukri.com.Properties.readProperty(Properties.java:24)
	at naukri.com.Properties.readProperty(Properties.java:24)
	at naukri.com.Properties.readProperty(Properties.java:24)
	at naukri.com.Properties.readProperty(Properties.java:24)
	at naukri.com.Properties.readProperty(Properties.java:24)
	at naukri.com.Properties.readProperty(Properties.java:24)
	at naukri.com.Properties.readProperty(Properties.java:24)
	at naukri.com.Properties.readProperty(Properties.java:24)
	at naukri.com.Properties.readProperty(Properties.java:24)
	at naukri.com.Properties.readProperty(Properties.java:24)
	at naukri.com.Properties.readProperty(Properties.java:24)
	at naukri.com.Properties.readProperty(Properties.java:24)
	at naukri.com.Properties.readProperty(Properties.java:24)
	at naukri.com.Properties.readProperty(Properties.java:24)
	at naukri.com.Properties.readProperty(Properties.java:24)
	at naukri.com.Properties.readProperty(Properties.java:24)
	at naukri.com.Properties.readProperty(Properties.java:24)
	at naukri.com.Properties.readProperty(Properties.java:24)
	at naukri.com.Properties.readProperty(Properties.java:24)
	at naukri.com.Properties.readProperty(Properties.java:24)
	at naukri.com.Properties.readProperty(Properties.java:24)
	at naukri.com.Properties.readProperty(Properties.java:24)
	at naukri.com.Properties.readProperty(Properties.java:24)
	at naukri.com.Properties.readProperty(Properties.java:24)
	at naukri.com.Properties.readProperty(Properties.java:24)
	at naukri.com.Properties.readProperty(Properties.java:24)
	at naukri.com.Properties.readProperty(Properties.java:24)
	at naukri.com.Properties.readProperty(Properties.java:24)
	at naukri.com.Properties.readProperty(Properties.java:24)
	at naukri.com.Properties.readProperty(Properties.java:24)
	at naukri.com.Properties.readProperty(Properties.java:24)
	at naukri.com.Properties.readProperty(Properties.java:24)
	at naukri.com.Properties.readProperty(Properties.java:24)
	at naukri.com.Properties.readProperty(Properties.java:24)
	at naukri.com.Properties.readProperty(Properties.java:24)
	at naukri.com.Properties.readProperty(Properties.java:24)
	at naukri.com.Properties.readProperty(Properties.java:24)
	at naukri.com.Properties.readProperty(Properties.java:24)
	at naukri.com.Properties.readProperty(Properties.java:24)
	at naukri.com.Properties.readProperty(Properties.java:24)
	at naukri.com.Properties.readProperty(Properties.java:24)
	at naukri.com.Properties.readProperty(Properties.java:24)
	at naukri.com.Properties.readProperty(Properties.java:24)
	at naukri.com.Properties.readProperty(Properties.java:24)
	at naukri.com.Properties.readProperty(Properties.java:24)
	at naukri.com.Properties.readProperty(Properties.java:24)
	at naukri.com.Properties.readProperty(Properties.java:24)
	at naukri.com.Properties.readProperty(Properties.java:24)
	at naukri.com.Properties.readProperty(Properties.java:24)
	at naukri.com.Properties.readProperty(Properties.java:24)
	at naukri.com.Properties.readProperty(Properties.java:24)
	at naukri.com.Properties.readProperty(Properties.java:24)
	at naukri.com.Properties.readProperty(Properties.java:24)
	at naukri.com.Properties.readProperty(Properties.java:24)
	at naukri.com.Properties.readProperty(Properties.java:24)
	at naukri.com.Properties.readProperty(Properties.java:24)
	at naukri.com.Properties.readProperty(Properties.java:24)
	at naukri.com.Properties.readProperty(Properties.java:24)
	at naukri.com.Properties.readProperty(Properties.java:24)
	at naukri.com.Properties.readProperty(Properties.java:24)
	at naukri.com.Properties.readProperty(Properties.java:24)
	at naukri.com.Properties.readProperty(Properties.java:24)
	at naukri.com.Properties.readProperty(Properties.java:24)
	at naukri.com.Properties.readProperty(Properties.java:24)
	at naukri.com.Properties.readProperty(Properties.java:24)
	at naukri.com.Properties.readProperty(Properties.java:24)
	at naukri.com.Properties.readProperty(Properties.java:24)
	at naukri.com.Properties.readProperty(Properties.java:24)
	at naukri.com.Properties.readProperty(Properties.java:24)
	at naukri.com.Properties.readProperty(Properties.java:24)
	at naukri.com.Properties.readProperty(Properties.java:24)
	at naukri.com.Properties.readProperty(Properties.java:24)
	at naukri.com.Properties.readProperty(Properties.java:24)
	at naukri.com.Properties.readProperty(Properties.java:24)
	at naukri.com.Properties.readProperty(Properties.java:24)
	at naukri.com.Properties.readProperty(Properties.java:24)
	at naukri.com.Properties.readProperty(Properties.java:24)
	at naukri.com.Properties.readProperty(Properties.java:24)
	at naukri.com.Properties.readProperty(Properties.java:24)
	at naukri.com.Properties.readProperty(Properties.java:24)
	at naukri.com.Properties.readProperty(Properties.java:24)
	at naukri.com.Properties.readProperty(Properties.java:24)
	at naukri.com.Properties.readProperty(Properties.java:24)
	at naukri.com.Properties.readProperty(Properties.java:24)
	at naukri.com.Properties.readProperty(Properties.java:24)
	at naukri.com.Properties.readProperty(Properties.java:24)
	at naukri.com.Properties.readProperty(Properties.java:24)
	at naukri.com.Properties.readProperty(Properties.java:24)
	at naukri.com.Properties.readProperty(Properties.java:24)
	at naukri.com.Properties.readProperty(Properties.java:24)
	at naukri.com.Properties.readProperty(Properties.java:24)
	at naukri.com.Properties.readProperty(Properties.java:24)
	at naukri.com.Properties.readProperty(Properties.java:24)
	at naukri.com.Properties.readProperty(Properties.java:24)
	at naukri.com.Properties.readProperty(Properties.java:24)
	at naukri.com.Properties.readProperty(Properties.java:24)
	at naukri.com.Properties.readProperty(Properties.java:24)
	at naukri.com.Properties.readProperty(Properties.java:24)
	at naukri.com.Properties.readProperty(Properties.java:24)
	at naukri.com.Properties.readProperty(Properties.java:24)
	at naukri.com.Properties.readProperty(Properties.java:24)
	at naukri.com.Properties.readProperty(Properties.java:24)
	at naukri.com.Properties.readProperty(Properties.java:24)
	at naukri.com.Properties.readProperty(Properties.java:24)
	at naukri.com.Properties.readProperty(Properties.java:24)
	at naukri.com.Properties.readProperty(Properties.java:24)
	at naukri.com.Properties.readProperty(Properties.java:24)
	at naukri.com.Properties.readProperty(Properties.java:24)
	at naukri.com.Properties.readProperty(Properties.java:24)
	at naukri.com.Properties.readProperty(Properties.java:24)
	at naukri.com.Properties.readProperty(Properties.java:24)
	at naukri.com.Properties.readProperty(Properties.java:24)
	at naukri.com.Properties.readProperty(Properties.java:24)
	at naukri.com.Properties.readProperty(Properties.java:24)
	at naukri.com.Properties.readProperty(Properties.java:24)
	at naukri.com.Properties.readProperty(Properties.java:24)
	at naukri.com.Properties.readProperty(Properties.java:24)
	at naukri.com.Properties.readProperty(Properties.java:24)
	at naukri.com.Properties.readProperty(Properties.java:24)
	at naukri.com.Properties.readProperty(Properties.java:24)
	at naukri.com.Properties.readProperty(Properties.java:24)
	at naukri.com.Properties.readProperty(Properties.java:24)
	at naukri.com.Properties.readProperty(Properties.java:24)
	at naukri.com.Properties.readProperty(Properties.java:24)
	at naukri.com.Properties.readProperty(Properties.java:24)
	at naukri.com.Properties.readProperty(Properties.java:24)
	at naukri.com.Properties.readProperty(Properties.java:24)
	at naukri.com.Properties.readProperty(Properties.java:24)
	at naukri.com.Properties.readProperty(Properties.java:24)
	at naukri.com.Properties.readProperty(Properties.java:24)
	at naukri.com.Properties.readProperty(Properties.java:24)
	at naukri.com.Properties.readProperty(Properties.java:24)
	at naukri.com.Properties.readProperty(Properties.java:24)
	at naukri.com.Properties.readProperty(Properties.java:24)
	at naukri.com.Properties.readProperty(Properties.java:24)
	at naukri.com.Properties.readProperty(Properties.java:24)
	at naukri.com.Properties.readProperty(Properties.java:24)
	at naukri.com.Properties.readProperty(Properties.java:24)
	at naukri.com.Properties.readProperty(Properties.java:24)
	at naukri.com.Properties.readProperty(Properties.java:24)
	at naukri.com.Properties.readProperty(Properties.java:24)
	at naukri.com.Properties.readProperty(Properties.java:24)
	at naukri.com.Properties.readProperty(Properties.java:24)
	at naukri.com.Properties.readProperty(Properties.java:24)
	at naukri.com.Properties.readProperty(Properties.java:24)
	at naukri.com.Properties.readProperty(Properties.java:24)
	at naukri.com.Properties.readProperty(Properties.java:24)
	at naukri.com.Properties.readProperty(Properties.java:24)
	at naukri.com.Properties.readProperty(Properties.java:24)
	at naukri.com.Properties.readProperty(Properties.java:24)
	at naukri.com.Properties.readProperty(Properties.java:24)
	at naukri.com.Properties.readProperty(Properties.java:24)
	at naukri.com.Properties.readProperty(Properties.java:24)
	at naukri.com.Properties.readProperty(Properties.java:24)
	at naukri.com.Properties.readProperty(Properties.java:24)
	at naukri.com.Properties.readProperty(Properties.java:24)
	at naukri.com.Properties.readProperty(Properties.java:24)
	at naukri.com.Properties.readProperty(Properties.java:24)
	at naukri.com.Properties.readProperty(Properties.java:24)
	at naukri.com.Properties.readProperty(Properties.java:24)
	at naukri.com.Properties.readProperty(Properties.java:24)
	at naukri.com.Properties.readProperty(Properties.java:24)
	at naukri.com.Properties.readProperty(Properties.java:24)
	at naukri.com.Properties.readProperty(Properties.java:24)
	at naukri.com.Properties.readProperty(Properties.java:24)
	at naukri.com.Properties.readProperty(Properties.java:24)
	at naukri.com.Properties.readProperty(Properties.java:24)
	at naukri.com.Properties.readProperty(Properties.java:24)
	at naukri.com.Properties.readProperty(Properties.java:24)
	at naukri.com.Properties.readProperty(Properties.java:24)
	at naukri.com.Properties.readProperty(Properties.java:24)
	at naukri.com.Properties.readProperty(Properties.java:24)
	at naukri.com.Properties.readProperty(Properties.java:24)
	at naukri.com.Properties.readProperty(Properties.java:24)
	at naukri.com.Properties.readProperty(Properties.java:24)
	at naukri.com.Properties.readProperty(Properties.java:24)
	at naukri.com.Properties.readProperty(Properties.java:24)
	at naukri.com.Properties.readProperty(Properties.java:24)
	at naukri.com.Properties.readProperty(Properties.java:24)
	at naukri.com.Properties.readProperty(Properties.java:24)
	at naukri.com.Properties.readProperty(Properties.java:24)
	at naukri.com.Properties.readProperty(Properties.java:24)
	at naukri.com.Properties.readProperty(Properties.java:24)
	at naukri.com.Properties.readProperty(Properties.java:24)
	at naukri.com.Properties.readProperty(Properties.java:24)
	at naukri.com.Properties.readProperty(Properties.java:24)
	at naukri.com.Properties.readProperty(Properties.java:24)
	at naukri.com.Properties.readProperty(Properties.java:24)
	at naukri.com.Properties.readProperty(Properties.java:24)
	at naukri.com.Properties.readProperty(Properties.java:24)
	at naukri.com.Properties.readProperty(Properties.java:24)
	at naukri.com.Properties.readProperty(Properties.java:24)
	at naukri.com.Properties.readProperty(Properties.java:24)
	at naukri.com.Properties.readProperty(Properties.java:24)
	at naukri.com.Properties.readProperty(Properties.java:24)
	at naukri.com.Properties.readProperty(Properties.java:24)
	at naukri.com.Properties.readProperty(Properties.java:24)
	at naukri.com.Properties.readProperty(Properties.java:24)
	at naukri.com.Properties.readProperty(Properties.java:24)
	at naukri.com.Properties.readProperty(Properties.java:24)
	at naukri.com.Properties.readProperty(Properties.java:24)
	at naukri.com.Properties.readProperty(Properties.java:24)
	at naukri.com.Properties.readProperty(Properties.java:24)
	at naukri.com.Properties.readProperty(Properties.java:24)
	at naukri.com.Properties.readProperty(Properties.java:24)
	at naukri.com.Properties.readProperty(Properties.java:24)
	at naukri.com.Properties.readProperty(Properties.java:24)
	at naukri.com.Properties.readProperty(Properties.java:24)
	at naukri.com.Properties.readProperty(Properties.java:24)
	at naukri.com.Properties.readProperty(Properties.java:24)
	at naukri.com.Properties.readProperty(Properties.java:24)
	at naukri.com.Properties.readProperty(Properties.java:24)
	at naukri.com.Properties.readProperty(Properties.java:24)
	at naukri.com.Properties.readProperty(Properties.java:24)
	at naukri.com.Properties.readProperty(Properties.java:24)
	at naukri.com.Properties.readProperty(Properties.java:24)
	at naukri.com.Properties.readProperty(Properties.java:24)
	at naukri.com.Properties.readProperty(Properties.java:24)
	at naukri.com.Properties.readProperty(Properties.java:24)
	at naukri.com.Properties.readProperty(Properties.java:24)
	at naukri.com.Properties.readProperty(Properties.java:24)
	at naukri.com.Properties.readProperty(Properties.java:24)
	at naukri.com.Properties.readProperty(Properties.java:24)
	at naukri.com.Properties.readProperty(Properties.java:24)
	at naukri.com.Properties.readProperty(Properties.java:24)
	at naukri.com.Properties.readProperty(Properties.java:24)
	at naukri.com.Properties.readProperty(Properties.java:24)
	at naukri.com.Properties.readProperty(Properties.java:24)
	at naukri.com.Properties.readProperty(Properties.java:24)
	at naukri.com.Properties.readProperty(Properties.java:24)
	at naukri.com.Properties.readProperty(Properties.java:24)
	at naukri.com.Properties.readProperty(Properties.java:24)
	at naukri.com.Properties.readProperty(Properties.java:24)
	at naukri.com.Properties.readProperty(Properties.java:24)
	at naukri.com.Properties.readProperty(Properties.java:24)
	at naukri.com.Properties.readProperty(Properties.java:24)
	at naukri.com.Properties.readProperty(Properties.java:24)
	at naukri.com.Properties.readProperty(Properties.java:24)
	at naukri.com.Properties.readProperty(Properties.java:24)
	at naukri.com.Properties.readProperty(Properties.java:24)
	at naukri.com.Properties.readProperty(Properties.java:24)
	at naukri.com.Properties.readProperty(Properties.java:24)
	at naukri.com.Properties.readProperty(Properties.java:24)
	at naukri.com.Properties.readProperty(Properties.java:24)
	at naukri.com.Properties.readProperty(Properties.java:24)
	at naukri.com.Properties.readProperty(Properties.java:24)
	at naukri.com.Properties.readProperty(Properties.java:24)
	at naukri.com.Properties.readProperty(Properties.java:24)
	at naukri.com.Properties.readProperty(Properties.java:24)
	at naukri.com.Properties.readProperty(Properties.java:24)
	at naukri.com.Properties.readProperty(Properties.java:24)
	at naukri.com.Properties.readProperty(Properties.java:24)
	at naukri.com.Properties.readProperty(Properties.java:24)
	at naukri.com.Properties.readProperty(Properties.java:24)
	at naukri.com.Properties.readProperty(Properties.java:24)
	at naukri.com.Properties.readProperty(Properties.java:24)
	at naukri.com.Properties.readProperty(Properties.java:24)
	at naukri.com.Properties.readProperty(Properties.java:24)
	at naukri.com.Properties.readProperty(Properties.java:24)
	at naukri.com.Properties.readProperty(Properties.java:24)
	at naukri.com.Properties.readProperty(Properties.java:24)
	at naukri.com.Properties.readProperty(Properties.java:24)
	at naukri.com.Properties.readProperty(Properties.java:24)
	at naukri.com.Properties.readProperty(Properties.java:24)
	at naukri.com.Properties.readProperty(Properties.java:24)
	at naukri.com.Properties.readProperty(Properties.java:24)
	at naukri.com.Properties.readProperty(Properties.java:24)
	at naukri.com.Properties.readProperty(Properties.java:24)
	at naukri.com.Properties.readProperty(Properties.java:24)
	at naukri.com.Properties.readProperty(Properties.java:24)
	at naukri.com.Properties.readProperty(Properties.java:24)
	at naukri.com.Properties.readProperty(Properties.java:24)
	at naukri.com.Properties.readProperty(Properties.java:24)
	at naukri.com.Properties.readProperty(Properties.java:24)
	at naukri.com.Properties.readProperty(Properties.java:24)
	at naukri.com.Properties.readProperty(Properties.java:24)
	at naukri.com.Properties.readProperty(Properties.java:24)
	at naukri.com.Properties.readProperty(Properties.java:24)
	at naukri.com.Properties.readProperty(Properties.java:24)
	at naukri.com.Properties.readProperty(Properties.java:24)
	at naukri.com.Properties.readProperty(Properties.java:24)
	at naukri.com.Properties.readProperty(Properties.java:24)
	at naukri.com.Properties.readProperty(Properties.java:24)
	at naukri.com.Properties.readProperty(Properties.java:24)
	at naukri.com.Properties.readProperty(Properties.java:24)
	at naukri.com.Properties.readProperty(Properties.java:24)
	at naukri.com.Properties.readProperty(Properties.java:24)
	at naukri.com.Properties.readProperty(Properties.java:24)
	at naukri.com.Properties.readProperty(Properties.java:24)
	at naukri.com.Properties.readProperty(Properties.java:24)
	at naukri.com.Properties.readProperty(Properties.java:24)
	at naukri.com.Properties.readProperty(Properties.java:24)
	at naukri.com.Properties.readProperty(Properties.java:24)
	at naukri.com.Properties.readProperty(Properties.java:24)
	at naukri.com.Properties.readProperty(Properties.java:24)
	at naukri.com.Properties.readProperty(Properties.java:24)
	at naukri.com.Properties.readProperty(Properties.java:24)
	at naukri.com.Properties.readProperty(Properties.java:24)
	at naukri.com.Properties.readProperty(Properties.java:24)
	at naukri.com.Properties.readProperty(Properties.java:24)
	at naukri.com.Properties.readProperty(Properties.java:24)
	at naukri.com.Properties.readProperty(Properties.java:24)
	at naukri.com.Properties.readProperty(Properties.java:24)
	at naukri.com.Properties.readProperty(Properties.java:24)
	at naukri.com.Properties.readProperty(Properties.java:24)
	at naukri.com.Properties.readProperty(Properties.java:24)
	at naukri.com.Properties.readProperty(Properties.java:24)
	at naukri.com.Properties.readProperty(Properties.java:24)
	at naukri.com.Properties.readProperty(Properties.java:24)
	at naukri.com.Properties.readProperty(Properties.java:24)
	at naukri.com.Properties.readProperty(Properties.java:24)
	at naukri.com.Properties.readProperty(Properties.java:24)
	at naukri.com.Properties.readProperty(Properties.java:24)
	at naukri.com.Properties.readProperty(Properties.java:24)
	at naukri.com.Properties.readProperty(Properties.java:24)
	at naukri.com.Properties.readProperty(Properties.java:24)
	at naukri.com.Properties.readProperty(Properties.java:24)
	at naukri.com.Properties.readProperty(Properties.java:24)
	at naukri.com.Properties.readProperty(Properties.java:24)
	at naukri.com.Properties.readProperty(Properties.java:24)
	at naukri.com.Properties.readProperty(Properties.java:24)
	at naukri.com.Properties.readProperty(Properties.java:24)
	at naukri.com.Properties.readProperty(Properties.java:24)
	at naukri.com.Properties.readProperty(Properties.java:24)
	at naukri.com.Properties.readProperty(Properties.java:24)
	at naukri.com.Properties.readProperty(Properties.java:24)
	at naukri.com.Properties.readProperty(Properties.java:24)
	at naukri.com.Properties.readProperty(Properties.java:24)
	at naukri.com.Properties.readProperty(Properties.java:24)
	at naukri.com.Properties.readProperty(Properties.java:24)
	at naukri.com.Properties.readProperty(Properties.java:24)
	at naukri.com.Properties.readProperty(Properties.java:24)
	at naukri.com.Properties.readProperty(Properties.java:24)
	at naukri.com.Properties.readProperty(Properties.java:24)
	at naukri.com.Properties.readProperty(Properties.java:24)
	at naukri.com.Properties.readProperty(Properties.java:24)
	at naukri.com.Properties.readProperty(Properties.java:24)
	at naukri.com.Properties.readProperty(Properties.java:24)
	at naukri.com.Properties.readProperty(Properties.java:24)
	at naukri.com.Properties.readProperty(Properties.java:24)
	at naukri.com.Properties.readProperty(Properties.java:24)
	at naukri.com.Properties.readProperty(Properties.java:24)
	at naukri.com.Properties.readProperty(Properties.java:24)
	at naukri.com.Properties.readProperty(Properties.java:24)
	at naukri.com.Properties.readProperty(Properties.java:24)
	at naukri.com.Properties.readProperty(Properties.java:24)
	at naukri.com.Properties.readProperty(Properties.java:24)
	at naukri.com.Properties.readProperty(Properties.java:24)
	at naukri.com.Properties.readProperty(Properties.java:24)
	at naukri.com.Properties.readProperty(Properties.java:24)
	at naukri.com.Properties.readProperty(Properties.java:24)
	at naukri.com.Properties.readProperty(Properties.java:24)
	at naukri.com.Properties.readProperty(Properties.java:24)
	at naukri.com.Properties.readProperty(Properties.java:24)
	at naukri.com.Properties.readProperty(Properties.java:24)
	at naukri.com.Properties.readProperty(Properties.java:24)
	at naukri.com.Properties.readProperty(Properties.java:24)
	at naukri.com.Properties.readProperty(Properties.java:24)
	at naukri.com.Properties.readProperty(Properties.java:24)
	at naukri.com.Properties.readProperty(Properties.java:24)
	at naukri.com.Properties.readProperty(Properties.java:24)
	at naukri.com.Properties.readProperty(Properties.java:24)
	at naukri.com.Properties.readProperty(Properties.java:24)
	at naukri.com.Properties.readProperty(Properties.java:24)
	at naukri.com.Properties.readProperty(Properties.java:24)
	at naukri.com.Properties.readProperty(Properties.java:24)
	at naukri.com.Properties.readProperty(Properties.java:24)
	at naukri.com.Properties.readProperty(Properties.java:24)
	at naukri.com.Properties.readProperty(Properties.java:24)
	at naukri.com.Properties.readProperty(Properties.java:24)
	at naukri.com.Properties.readProperty(Properties.java:24)
	at naukri.com.Properties.readProperty(Properties.java:24)
	at naukri.com.Properties.readProperty(Properties.java:24)
	at naukri.com.Properties.readProperty(Properties.java:24)
	at naukri.com.Properties.readProperty(Properties.java:24)
	at naukri.com.Properties.readProperty(Properties.java:24)
	at naukri.com.Properties.readProperty(Properties.java:24)
	at naukri.com.Properties.readProperty(Properties.java:24)
	at naukri.com.Properties.readProperty(Properties.java:24)
	at naukri.com.Properties.readProperty(Properties.java:24)
	at naukri.com.Properties.readProperty(Properties.java:24)
	at naukri.com.Properties.readProperty(Properties.java:24)
	at naukri.com.Properties.readProperty(Properties.java:24)
	at naukri.com.Properties.readProperty(Properties.java:24)
	at naukri.com.Properties.readProperty(Properties.java:24)
	at naukri.com.Properties.readProperty(Properties.java:24)
	at naukri.com.Properties.readProperty(Properties.java:24)
	at naukri.com.Properties.readProperty(Properties.java:24)
	at naukri.com.Properties.readProperty(Properties.java:24)
	at naukri.com.Properties.readProperty(Properties.java:24)
	at naukri.com.Properties.readProperty(Properties.java:24)
	at naukri.com.Properties.readProperty(Properties.java:24)
	at naukri.com.Properties.readProperty(Properties.java:24)
	at naukri.com.Properties.readProperty(Properties.java:24)
	at naukri.com.Properties.readProperty(Properties.java:24)
	at naukri.com.Properties.readProperty(Properties.java:24)
	at naukri.com.Properties.readProperty(Properties.java:24)
	at naukri.com.Properties.readProperty(Properties.java:24)
	at naukri.com.Properties.readProperty(Properties.java:24)
	at naukri.com.Properties.readProperty(Properties.java:24)
	at naukri.com.Properties.readProperty(Properties.java:24)
	at naukri.com.Properties.readProperty(Properties.java:24)
	at naukri.com.Properties.readProperty(Properties.java:24)
	at naukri.com.Properties.readProperty(Properties.java:24)
	at naukri.com.Properties.readProperty(Properties.java:24)
	at naukri.com.Properties.readProperty(Properties.java:24)
	at naukri.com.Properties.readProperty(Properties.java:24)
	at naukri.com.Properties.readProperty(Properties.java:24)
	at naukri.com.Properties.readProperty(Properties.java:24)
	at naukri.com.Properties.readProperty(Properties.java:24)
	at naukri.com.Properties.readProperty(Properties.java:24)
	at naukri.com.Properties.readProperty(Properties.java:24)
	at naukri.com.Properties.readProperty(Properties.java:24)
	at naukri.com.Properties.readProperty(Properties.java:24)
	at naukri.com.Properties.readProperty(Properties.java:24)
	at naukri.com.Properties.readProperty(Properties.java:24)
	at naukri.com.Properties.readProperty(Properties.java:24)
	at naukri.com.Properties.readProperty(Properties.java:24)
	at naukri.com.Properties.readProperty(Properties.java:24)
	at naukri.com.Properties.readProperty(Properties.java:24)
	at naukri.com.Properties.readProperty(Properties.java:24)
	at naukri.com.Properties.readProperty(Properties.java:24)
	at naukri.com.Properties.readProperty(Properties.java:24)
	at naukri.com.Properties.readProperty(Properties.java:24)
	at naukri.com.Properties.readProperty(Properties.java:24)
	at naukri.com.Properties.readProperty(Properties.java:24)
	at naukri.com.Properties.readProperty(Properties.java:24)
	at naukri.com.Properties.readProperty(Properties.java:24)
	at naukri.com.Properties.readProperty(Properties.java:24)
	at naukri.com.Properties.readProperty(Properties.java:24)
	at naukri.com.Properties.readProperty(Properties.java:24)
	at naukri.com.Properties.readProperty(Properties.java:24)
	at naukri.com.Properties.readProperty(Properties.java:24)
	at naukri.com.Properties.readProperty(Properties.java:24)
	at naukri.com.Properties.readProperty(Properties.java:24)
	at naukri.com.Properties.readProperty(Properties.java:24)
	at naukri.com.Properties.readProperty(Properties.java:24)
	at naukri.com.Properties.readProperty(Properties.java:24)
	at naukri.com.Properties.readProperty(Properties.java:24)
	at naukri.com.Properties.readProperty(Properties.java:24)
	at naukri.com.Properties.readProperty(Properties.java:24)
	at naukri.com.Properties.readProperty(Properties.java:24)
	at naukri.com.Properties.readProperty(Properties.java:24)
	at naukri.com.Properties.readProperty(Properties.java:24)
	at naukri.com.Properties.readProperty(Properties.java:24)
	at naukri.com.Properties.readProperty(Properties.java:24)
	at naukri.com.Properties.readProperty(Properties.java:24)
	at naukri.com.Properties.readProperty(Properties.java:24)
	at naukri.com.Properties.readProperty(Properties.java:24)
	at naukri.com.Properties.readProperty(Properties.java:24)
	at naukri.com.Properties.readProperty(Properties.java:24)
	at naukri.com.Properties.readProperty(Properties.java:24)
	at naukri.com.Properties.readProperty(Properties.java:24)
	at naukri.com.Properties.readProperty(Properties.java:24)
	at naukri.com.Properties.readProperty(Properties.java:24)
	at naukri.com.Properties.readProperty(Properties.java:24)
	at naukri.com.Properties.readProperty(Properties.java:24)
	at naukri.com.Properties.readProperty(Properties.java:24)
	at naukri.com.Properties.readProperty(Properties.java:24)
	at naukri.com.Properties.readProperty(Properties.java:24)
	at naukri.com.Properties.readProperty(Properties.java:24)
	at naukri.com.Properties.readProperty(Properties.java:24)
	at naukri.com.Properties.readProperty(Properties.java:24)
	at naukri.com.Properties.readProperty(Properties.java:24)
	at naukri.com.Properties.readProperty(Properties.java:24)
	at naukri.com.Properties.readProperty(Properties.java:24)
	at naukri.com.Properties.readProperty(Properties.java:24)
	at naukri.com.Properties.readProperty(Properties.java:24)
	at naukri.com.Properties.readProperty(Properties.java:24)
	at naukri.com.Properties.readProperty(Properties.java:24)
	at naukri.com.Properties.readProperty(Properties.java:24)
	at naukri.com.Properties.readProperty(Properties.java:24)
	at naukri.com.Properties.readProperty(Properties.java:24)
	at naukri.com.Properties.readProperty(Properties.java:24)
]]>
    </failure>
  </testcase> <!-- AppTest -->
</testsuite> <!-- Default test -->
